<?xml version="1.0" encoding="UTF-8"?>
<!-- Generated by org.testng.reporters.JUnitReportReporter -->
<testsuite hostname="Vinnu" failures="0" tests="1" name="com.planit.TestCase2" time="1.149" errors="0" timestamp="2022-02-03T18:24:58 NZDT" skipped="0">
  <testcase classname="com.planit.TestCase2" name="contactPage" time="1.149"/>
  <system-out/>
</testsuite> <!-- com.planit.TestCase2 -->
