<?xml version="1.0" encoding="UTF-8"?>
<!-- Generated by org.testng.reporters.JUnitReportReporter -->
<testsuite hostname="Vinnu" failures="0" tests="4" name="com.planit.Jupiter4" time="13.829" errors="0" timestamp="2022-02-05T19:56:05 NZDT" skipped="0">
  <testcase classname="com.planit.Jupiter4" name="buyProducts" time="13.093"/>
  <system-out/>
  <testcase classname="com.planit.Jupiter4" name="verifyProductPrice" time="0.287"/>
  <system-out/>
  <testcase classname="com.planit.Jupiter4" name="VerifyProductSubTotal" time="0.399"/>
  <system-out/>
  <testcase classname="com.planit.Jupiter4" name="verifyTotal" time="0.050"/>
  <system-out/>
</testsuite> <!-- com.planit.Jupiter4 -->
