<?xml version="1.0" encoding="UTF-8"?>
<!-- Generated by org.testng.reporters.JUnitReportReporter -->
<testsuite hostname="Vinnu" failures="0" tests="4" name="com.planit.TestCase4" time="14.225" errors="0" timestamp="2022-02-04T21:41:42 NZDT" skipped="0">
  <testcase classname="com.planit.TestCase4" name="shopPage" time="13.890"/>
  <system-out/>
  <testcase classname="com.planit.TestCase4" name="verifyProductPrice" time="0.105"/>
  <system-out/>
  <testcase classname="com.planit.TestCase4" name="VerifyProductSubTotal" time="0.199"/>
  <system-out/>
  <testcase classname="com.planit.TestCase4" name="verifyTotal" time="0.031"/>
  <system-out/>
</testsuite> <!-- com.planit.TestCase4 -->
