<?xml version="1.0" encoding="UTF-8"?>
<!-- Generated by org.testng.reporters.JUnitReportReporter -->
<testsuite hostname="Vinnu" failures="0" tests="5" name="com.planit.Jupiter2" time="55.055" errors="0" timestamp="2022-02-05T19:52:27 NZDT" skipped="0">
  <testcase classname="com.planit.Jupiter2" name="contactPage" time="7.448"/>
  <system-out/>
  <testcase classname="com.planit.Jupiter2" name="contactPage" time="19.421"/>
  <system-out/>
  <testcase classname="com.planit.Jupiter2" name="contactPage" time="10.782"/>
  <system-out/>
  <testcase classname="com.planit.Jupiter2" name="contactPage" time="7.958"/>
  <system-out/>
  <testcase classname="com.planit.Jupiter2" name="contactPage" time="9.446"/>
  <system-out/>
</testsuite> <!-- com.planit.Jupiter2 -->
