<?xml version="1.0" encoding="UTF-8"?>
<!-- Generated by org.testng.reporters.JUnitReportReporter -->
<testsuite hostname="Vinnu" failures="0" tests="2" name="com.planit.Jupiter3" time="4.553" errors="0" timestamp="2022-02-05T19:54:14 NZDT" skipped="0">
  <testcase classname="com.planit.Jupiter3" name="shopPage" time="4.309"/>
  <system-out/>
  <testcase classname="com.planit.Jupiter3" name="verifyCartItems" time="0.244"/>
  <system-out/>
</testsuite> <!-- com.planit.Jupiter3 -->
