<?xml version="1.0" encoding="UTF-8"?>
<!-- Generated by org.testng.reporters.JUnitReportReporter -->
<testsuite hostname="Vinnu" failures="0" tests="5" name="com.planit.Jupitor2" time="86.841" errors="0" timestamp="2022-02-05T14:04:28 NZDT" skipped="0">
  <testcase classname="com.planit.Jupitor2" name="contactPage" time="19.941"/>
  <system-out/>
  <testcase classname="com.planit.Jupitor2" name="contactPage" time="24.518"/>
  <system-out/>
  <testcase classname="com.planit.Jupitor2" name="contactPage" time="10.010"/>
  <system-out/>
  <testcase classname="com.planit.Jupitor2" name="contactPage" time="13.055"/>
  <system-out/>
  <testcase classname="com.planit.Jupitor2" name="contactPage" time="19.317"/>
  <system-out/>
</testsuite> <!-- com.planit.Jupitor2 -->
