<?xml version="1.0" encoding="UTF-8"?>
<!-- Generated by org.testng.reporters.JUnitReportReporter -->
<testsuite hostname="Vinnu" failures="0" tests="2" name="com.planit.TestCase1" time="1.442" errors="0" timestamp="2022-02-03T19:22:34 NZDT" skipped="1">
  <testcase classname="com.planit.TestCase1" name="contactPage" time="1.442"/>
  <system-out/>
  <testcase classname="com.planit.TestCase1" name="contactForm">
    <skipped/>
  </testcase> <!-- contactForm -->
  <system-out/>
</testsuite> <!-- com.planit.TestCase1 -->
