<?xml version="1.0" encoding="UTF-8"?>
<!-- Generated by org.testng.reporters.JUnitReportReporter -->
<testsuite hostname="Vinnu" failures="0" tests="1" name="com.planit.Jupiter" time="4.933" errors="0" timestamp="2022-02-05T19:49:33 NZDT" skipped="0">
  <testcase classname="com.planit.Jupiter" name="contactPage" time="4.933"/>
  <system-out/>
</testsuite> <!-- com.planit.Jupiter -->
