<?xml version="1.0" encoding="UTF-8"?>
<!-- Generated by org.testng.reporters.JUnitReportReporter -->
<testsuite hostname="Vinnu" failures="0" tests="1" name="com.planit.TestCase3" time="3.478" errors="0" timestamp="2022-02-03T19:23:32 NZDT" skipped="0">
  <testcase classname="com.planit.TestCase3" name="shopPage" time="3.478"/>
  <system-out/>
</testsuite> <!-- com.planit.TestCase3 -->
