<?xml version="1.0" encoding="UTF-8"?>
<!-- Generated by org.testng.reporters.JUnitReportReporter -->
<testsuite hostname="Vinnu" failures="0" tests="2" name="com.planit.Jupitor3" time="3.659" errors="0" timestamp="2022-02-05T14:12:48 NZDT" skipped="0">
  <testcase classname="com.planit.Jupitor3" name="shopPage" time="3.508"/>
  <system-out/>
  <testcase classname="com.planit.Jupitor3" name="verifyCartItems" time="0.151"/>
  <system-out/>
</testsuite> <!-- com.planit.Jupitor3 -->
